
> bubble-idx@0.1.0 build
> next build

   Î“Ă»â–“ Next.js 15.5.9
   - Environments: .env

   Creating an optimized production build ...
 Î“ÂŁĂ´ Compiled successfully in 3.7s
   Linting and checking validity of types ...
   Collecting page data ...
   Generating static pages (0/13) ...
   Generating static pages (3/13) 
   Generating static pages (6/13) 
   Generating static pages (9/13) 
 Î“ÂŁĂ´ Generating static pages (13/13)
   Finalizing page optimization ...
   Collecting build traces ...

Route (app)                                 Size  First Load JS
Î“Ă¶Ă® Î“ĂąĂŻ /                                    20.9 kB         137 kB
Î“Ă¶ÂŁ Î“ĂąĂŻ /_not-found                            989 B         103 kB
Î“Ă¶ÂŁ â•žĂ† /api/brokers                           156 B         102 kB
Î“Ă¶ÂŁ â•žĂ† /api/calendar                          156 B         102 kB
Î“Ă¶ÂŁ â•žĂ† /api/indices                           156 B         102 kB
Î“Ă¶ÂŁ â•žĂ† /api/indices/[kode]                    156 B         102 kB
Î“Ă¶ÂŁ â•žĂ† /api/news                              156 B         102 kB
Î“Ă¶ÂŁ â•žĂ† /api/search                            156 B         102 kB
Î“Ă¶ÂŁ â•žĂ† /api/stocks/[symbol]                   156 B         102 kB
Î“Ă¶ÂŁ â•žĂ† /api/stocks/[symbol]/chart             156 B         102 kB
Î“Ă¶ÂŁ â•žĂ† /api/stocks/[symbol]/news              156 B         102 kB
Î“Ă¶ÂŁ â•žĂ† /api/ticker                            156 B         102 kB
Î“Ă¶ÂŁ â•žĂ† /api/ticker/stream                     156 B         102 kB
Î“Ă¶ÂŁ Î“ĂąĂŻ /documentation                         156 B         102 kB
Î“Ă¶ÂŁ Î“ĂąĂŻ /robots.txt                            156 B         102 kB
Î“Ă¶ÂŁ Î“ĂąĂŻ /sitemap.xml                           156 B         102 kB
Î“Ă¶Ă¶ â•žĂ† /stock/[symbol]                        175 B         117 kB
+ First Load JS shared by all             102 kB
  Î“Ă¶ÂŁ chunks/255-cb395327542b56ef.js       45.9 kB
  Î“Ă¶ÂŁ chunks/4bd1b696-c023c6e3521b1417.js  54.2 kB
  Î“Ă¶Ă¶ other shared chunks (total)          1.99 kB


â•žĂ† Middleware                             34.3 kB

Î“ĂąĂŻ  (Static)   prerendered as static content
â•žĂ†  (Dynamic)  server-rendered on demand

