
> bubble-idx@0.1.0 build
> next build

   Γû▓ Next.js 15.5.9
   - Environments: .env

   Creating an optimized production build ...
 Γ£ô Compiled successfully in 2.6s
   Linting and checking validity of types ...
Failed to compile.

./src/components/StockDetailModal.tsx:60:17
Type error: Type 'StockData' is not assignable to type 'StockData'. Two different types with this name exist, but they are unrelated.
  Types of property 'indices' are incompatible.
    Type 'string[] | undefined' is not assignable to type '{ kode: string; nama: string; }[] | undefined'.
      Type 'string[]' is not assignable to type '{ kode: string; nama: string; }[]'.
        Type 'string' is not assignable to type '{ kode: string; nama: string; }'.

  58 |         >
  59 |             <StockDetailContent
> 60 |                 stock={stock}
     |                 ^
  61 |                 onClose={onClose}
  62 |                 watchlists={watchlists}
  63 |                 favorites={favorites}
Next.js build worker exited with code: 1 and signal: null
